<?xml version="1.0" encoding="UTF-8"?>
<!-- Generated by org.testng.reporters.JUnitReportReporter -->
<testsuite hostname="kairosHW0404" failures="0" tests="1" name="kairos_website.newclass" time="61.443" errors="0" timestamp="2024-01-29T10:56:04 IST" skipped="0">
  <testcase classname="kairos_website.newclass" name="Websites" time="61.443"/>
  <system-out/>
</testsuite> <!-- kairos_website.newclass -->
