<?xml version="1.0" encoding="UTF-8"?>
<!-- Generated by org.testng.reporters.JUnitReportReporter -->
<testsuite hostname="kairosHW0404" failures="0" tests="1" name="kairos_website.websiteExcel" time="57.502" errors="0" timestamp="2024-01-25T16:02:20 IST" skipped="0">
  <testcase classname="kairos_website.websiteExcel" name="websitesTesting" time="57.502"/>
  <system-out/>
</testsuite> <!-- kairos_website.websiteExcel -->
