<?xml version="1.0" encoding="UTF-8"?>
<!-- Generated by org.testng.reporters.JUnitReportReporter -->
<testsuite hostname="kairosHW0404" failures="0" tests="1" name="kairos_website.Websiteparallel" time="95.796" errors="0" timestamp="2024-01-22T20:04:57 IST" skipped="0">
  <testcase classname="kairos_website.Websiteparallel" name="webpae" time="95.796"/>
  <system-out/>
</testsuite> <!-- kairos_website.Websiteparallel -->
