<?xml version="1.0" encoding="UTF-8"?>
<!-- Generated by org.testng.reporters.JUnitReportReporter -->
<testsuite hostname="kairosHW0404" failures="0" tests="1" name="kairos_website.CrossBrowsing" time="48.800" errors="0" timestamp="2024-01-25T15:06:00 IST" skipped="0">
  <testcase classname="kairos_website.CrossBrowsing" name="testGoogle" time="48.800"/>
  <system-out/>
</testsuite> <!-- kairos_website.CrossBrowsing -->
