<?xml version="1.0" encoding="UTF-8"?>
<!-- Generated by org.testng.reporters.JUnitReportReporter -->
<testsuite hostname="kairosHW0404" failures="0" tests="2" name="kairos_website.Website_Testing" time="21.577" errors="1" timestamp="2024-01-23T19:35:08 IST" skipped="0">
  <testcase classname="kairos_website.Website_Testing" name="sendEmail" time="0.059">
    <error message="javax.mail.internet.AddressException: Missing final &#039;@domain&#039; in string ``kmahaboobbbhasha.com&#039;&#039;" type="org.apache.commons.mail.EmailException">
      <![CDATA[org.apache.commons.mail.EmailException: javax.mail.internet.AddressException: Missing final '@domain' in string ``kmahaboobbbhasha.com''
at org.apache.commons.mail.Email.createInternetAddress(Email.java:1974)
at org.apache.commons.mail.Email.addTo(Email.java:846)
at org.apache.commons.mail.Email.addTo(Email.java:829)
at org.apache.commons.mail.Email.addTo(Email.java:778)
at kairos_website.Website_Testing.sendEmail(Website_Testing.java:144)
at java.base/jdk.internal.reflect.NativeMethodAccessorImpl.invoke0(Native Method)
at java.base/jdk.internal.reflect.NativeMethodAccessorImpl.invoke(NativeMethodAccessorImpl.java:77)
at java.base/jdk.internal.reflect.DelegatingMethodAccessorImpl.invoke(DelegatingMethodAccessorImpl.java:43)
at java.base/java.lang.reflect.Method.invoke(Method.java:568)
at org.testng.internal.invokers.MethodInvocationHelper.invokeMethod(MethodInvocationHelper.java:139)
at org.testng.internal.invokers.MethodInvocationHelper.invokeMethodConsideringTimeout(MethodInvocationHelper.java:69)
at org.testng.internal.invokers.ConfigInvoker.invokeConfigurationMethod(ConfigInvoker.java:361)
at org.testng.internal.invokers.ConfigInvoker.invokeConfigurations(ConfigInvoker.java:296)
at org.testng.internal.invokers.TestInvoker.runConfigMethods(TestInvoker.java:823)
at org.testng.internal.invokers.TestInvoker.runAfterConfigurations(TestInvoker.java:792)
at org.testng.internal.invokers.TestInvoker.invokeMethod(TestInvoker.java:768)
at org.testng.internal.invokers.TestInvoker.invokeTestMethod(TestInvoker.java:221)
at org.testng.internal.invokers.MethodRunner.runInSequence(MethodRunner.java:50)
at org.testng.internal.invokers.TestInvoker$MethodInvocationAgent.invoke(TestInvoker.java:969)
at org.testng.internal.invokers.TestInvoker.invokeTestMethods(TestInvoker.java:194)
at org.testng.internal.invokers.TestMethodWorker.invokeTestMethods(TestMethodWorker.java:148)
at org.testng.internal.invokers.TestMethodWorker.run(TestMethodWorker.java:128)
at java.base/java.util.ArrayList.forEach(ArrayList.java:1511)
at org.testng.TestRunner.privateRun(TestRunner.java:829)
at org.testng.TestRunner.run(TestRunner.java:602)
at org.testng.SuiteRunner.runTest(SuiteRunner.java:437)
at org.testng.SuiteRunner.runSequentially(SuiteRunner.java:431)
at org.testng.SuiteRunner.privateRun(SuiteRunner.java:391)
at org.testng.SuiteRunner.run(SuiteRunner.java:330)
at org.testng.SuiteRunnerWorker.runSuite(SuiteRunnerWorker.java:52)
at org.testng.SuiteRunnerWorker.run(SuiteRunnerWorker.java:95)
at org.testng.TestNG.runSuitesSequentially(TestNG.java:1256)
at org.testng.TestNG.runSuitesLocally(TestNG.java:1176)
at org.testng.TestNG.runSuites(TestNG.java:1099)
at org.testng.TestNG.run(TestNG.java:1067)
at org.testng.remote.AbstractRemoteTestNG.run(AbstractRemoteTestNG.java:115)
at org.testng.remote.RemoteTestNG.initAndRun(RemoteTestNG.java:251)
at org.testng.remote.RemoteTestNG.main(RemoteTestNG.java:77)
Caused by: javax.mail.internet.AddressException: Missing final '@domain' in string ``kmahaboobbbhasha.com''
at javax.mail.internet.InternetAddress.checkAddress(InternetAddress.java:1388)
at javax.mail.internet.InternetAddress.validate(InternetAddress.java:1253)
at org.apache.commons.mail.Email.createInternetAddress(Email.java:1970)
... 37 more
]]>
    </error>
  </testcase> <!-- sendEmail -->
  <system-out/>
  <testcase classname="kairos_website.Website_Testing" name="Websites" time="21.518"/>
  <system-out/>
</testsuite> <!-- kairos_website.Website_Testing -->
