<?xml version="1.0" encoding="UTF-8"?>
<!-- Generated by org.testng.reporters.JUnitReportReporter -->
<testsuite hostname="kairosHW0404" failures="0" tests="1" name="kairos_website.Kairos_Websites_Testing_" time="61.889" errors="0" timestamp="2024-01-29T11:23:45 IST" skipped="0">
  <testcase classname="kairos_website.Kairos_Websites_Testing_" name="Websites" time="61.889"/>
  <system-out/>
</testsuite> <!-- kairos_website.Kairos_Websites_Testing_ -->
