<?xml version="1.0" encoding="UTF-8"?>
<!-- Generated by org.testng.reporters.JUnitReportReporter -->
<testsuite hostname="kairosHW0404" failures="0" tests="1" name="kairos_website.Kairos_Websites_Testing_" time="74.461" errors="0" timestamp="2024-01-29T11:57:00 IST" skipped="0">
  <testcase classname="kairos_website.Kairos_Websites_Testing_" name="Websites" time="74.461"/>
  <system-out/>
</testsuite> <!-- kairos_website.Kairos_Websites_Testing_ -->
